log file: logs/240527-182941.log
--------------------------------------------------------------------------------
Config 1 (totally 1 configs)
No.1 training process of 5
>>> dataset: restaurant
>>> output_dir: output
>>> SRD: 3
>>> learning_rate: 0.001
>>> use_unique_bert: False
>>> use_bert_spc: True
>>> local_context_focus: cdm
>>> num_train_epochs: 10.0
>>> train_batch_size: 32
>>> dropout: 0.1
>>> max_seq_length: 128
>>> eval_batch_size: 32
>>> eval_steps: 20
>>> gradient_accumulation_steps: 1
>>> config_path: experiments.json
>>> device: cpu
>>> seed: 1
>>> bert_model: bert-base-uncased
>>> data_dir: atepc_datasets/restaurant
***** Running training *****
  Num examples = 3383
  Batch size = 32
  Num steps = 1050
