log file: logs/240710-002718.log
--------------------------------------------------------------------------------
Config 1 (totally 1 configs)
No.1 training process of 5
>>> dataset: restaurant
>>> output_dir: output
>>> SRD: 5
>>> learning_rate: 3e-05
>>> use_unique_bert: True
>>> use_bert_spc: False
>>> local_context_focus: fusion
>>> num_train_epochs: 10.0
>>> train_batch_size: 16
>>> dropout: 0.0
>>> max_seq_length: 80
>>> eval_batch_size: 32
>>> eval_steps: 20
>>> gradient_accumulation_steps: 1
>>> config_path: experiments.json
>>> device: cpu
>>> seed: 1
>>> bert_model: bert-base-uncased
>>> data_dir: atepc_datasets/restaurant
***** Running training *****
  Num examples = 3308
  Batch size = 16
  Num steps = 2060
################################################################################
Train 1 Epoch1
################################################################################
################################################################################
Train 1 Epoch2
################################################################################
################################################################################
Train 1 Epoch3
################################################################################
################################################################################
Train 1 Epoch4
################################################################################
################################################################################
Train 1 Epoch5
################################################################################
################################################################################
Train 1 Epoch6
################################################################################
################################################################################
Train 1 Epoch7
################################################################################
################################################################################
Train 1 Epoch8
################################################################################
################################################################################
Train 1 Epoch9
################################################################################
********************************************************************************
Train 1 Epoch9, Evaluate for atepc_datasets/restaurant
APC_test_acc: 83.05(max: 83.05)  APC_test_f1: 68.51(max: 68.51)
ATE_test_f1: 62.78(max:62.78)
Emotion_test_acc: 89.43(max: 89.43) Emotion_test_f1: 80.09(max: 80.09)
********************************************************************************
********************************************************************************
Train 1 Epoch9, Evaluate for atepc_datasets/restaurant
APC_test_acc: 83.09(max: 83.09)  APC_test_f1: 69.58(max: 69.58)
ATE_test_f1: 61.55(max:62.78)
Emotion_test_acc: 88.94(max: 89.43) Emotion_test_f1: 78.71(max: 80.09)
********************************************************************************
********************************************************************************
Train 1 Epoch9, Evaluate for atepc_datasets/restaurant
APC_test_acc: 82.77(max: 83.09)  APC_test_f1: 69.5(max: 69.58)
ATE_test_f1: 61.23(max:62.78)
Emotion_test_acc: 89.15(max: 89.43) Emotion_test_f1: 79.31(max: 80.09)
********************************************************************************
********************************************************************************
Train 1 Epoch9, Evaluate for atepc_datasets/restaurant
APC_test_acc: 83.16(max: 83.16)  APC_test_f1: 70.08(max: 70.08)
ATE_test_f1: 62.22(max:62.78)
Emotion_test_acc: 87.81(max: 89.43) Emotion_test_f1: 76.19(max: 80.09)
********************************************************************************
********************************************************************************
Train 1 Epoch9, Evaluate for atepc_datasets/restaurant
APC_test_acc: 82.21(max: 83.16)  APC_test_f1: 68.65(max: 70.08)
ATE_test_f1: 59.83(max:62.78)
Emotion_test_acc: 89.01(max: 89.43) Emotion_test_f1: 80.38(max: 80.38)
********************************************************************************
********************************************************************************
Train 1 Epoch9, Evaluate for atepc_datasets/restaurant
APC_test_acc: 82.49(max: 83.16)  APC_test_f1: 70.07(max: 70.08)
ATE_test_f1: 61.0(max:62.78)
Emotion_test_acc: 88.94(max: 89.43) Emotion_test_f1: 81.72(max: 81.72)
********************************************************************************
********************************************************************************
Train 1 Epoch9, Evaluate for atepc_datasets/restaurant
APC_test_acc: 83.09(max: 83.16)  APC_test_f1: 70.72(max: 70.72)
ATE_test_f1: 62.14(max:62.78)
Emotion_test_acc: 88.79(max: 89.43) Emotion_test_f1: 77.97(max: 81.72)
********************************************************************************
********************************************************************************
Train 1 Epoch9, Evaluate for atepc_datasets/restaurant
APC_test_acc: 83.19(max: 83.19)  APC_test_f1: 70.07(max: 70.72)
ATE_test_f1: 63.59(max:63.59)
Emotion_test_acc: 88.02(max: 89.43) Emotion_test_f1: 78.04(max: 81.72)
********************************************************************************
********************************************************************************
Train 1 Epoch9, Evaluate for atepc_datasets/restaurant
APC_test_acc: 82.77(max: 83.19)  APC_test_f1: 69.14(max: 70.72)
ATE_test_f1: 61.7(max:63.59)
Emotion_test_acc: 88.51(max: 89.43) Emotion_test_f1: 78.04(max: 81.72)
********************************************************************************
********************************************************************************
Train 1 Epoch9, Evaluate for atepc_datasets/restaurant
APC_test_acc: 82.77(max: 83.19)  APC_test_f1: 69.26(max: 70.72)
ATE_test_f1: 62.08(max:63.59)
Emotion_test_acc: 88.3(max: 89.43) Emotion_test_f1: 77.87(max: 81.72)
********************************************************************************
********************************************************************************
Train 1 Epoch9, Evaluate for atepc_datasets/restaurant
APC_test_acc: 82.91(max: 83.19)  APC_test_f1: 68.33(max: 70.72)
ATE_test_f1: 60.83(max:63.59)
Emotion_test_acc: 88.65(max: 89.43) Emotion_test_f1: 79.11(max: 81.72)
********************************************************************************
################################################################################
Train 1 Epoch10
################################################################################
********************************************************************************
Train 1 Epoch10, Evaluate for atepc_datasets/restaurant
APC_test_acc: 83.05(max: 83.19)  APC_test_f1: 70.02(max: 70.72)
ATE_test_f1: 60.64(max:63.59)
Emotion_test_acc: 88.87(max: 89.43) Emotion_test_f1: 78.44(max: 81.72)
********************************************************************************
********************************************************************************
Train 1 Epoch10, Evaluate for atepc_datasets/restaurant
APC_test_acc: 82.52(max: 83.19)  APC_test_f1: 68.8(max: 70.72)
ATE_test_f1: 63.3(max:63.59)
Emotion_test_acc: 88.02(max: 89.43) Emotion_test_f1: 76.74(max: 81.72)
********************************************************************************
********************************************************************************
Train 1 Epoch10, Evaluate for atepc_datasets/restaurant
APC_test_acc: 82.91(max: 83.19)  APC_test_f1: 70.77(max: 70.77)
ATE_test_f1: 58.05(max:63.59)
Emotion_test_acc: 88.02(max: 89.43) Emotion_test_f1: 74.72(max: 81.72)
********************************************************************************
********************************************************************************
Train 1 Epoch10, Evaluate for atepc_datasets/restaurant
APC_test_acc: 83.4(max: 83.4)  APC_test_f1: 71.89(max: 71.89)
ATE_test_f1: 63.16(max:63.59)
Emotion_test_acc: 88.51(max: 89.43) Emotion_test_f1: 77.7(max: 81.72)
********************************************************************************
********************************************************************************
Train 1 Epoch10, Evaluate for atepc_datasets/restaurant
APC_test_acc: 82.7(max: 83.4)  APC_test_f1: 70.92(max: 71.89)
ATE_test_f1: 62.86(max:63.59)
Emotion_test_acc: 87.53(max: 89.43) Emotion_test_f1: 75.88(max: 81.72)
********************************************************************************
********************************************************************************
Train 1 Epoch10, Evaluate for atepc_datasets/restaurant
APC_test_acc: 82.88(max: 83.4)  APC_test_f1: 71.04(max: 71.89)
ATE_test_f1: 62.36(max:63.59)
Emotion_test_acc: 87.1(max: 89.43) Emotion_test_f1: 74.79(max: 81.72)
********************************************************************************
********************************************************************************
Train 1 Epoch10, Evaluate for atepc_datasets/restaurant
APC_test_acc: 81.68(max: 83.4)  APC_test_f1: 69.31(max: 71.89)
ATE_test_f1: 60.48(max:63.59)
Emotion_test_acc: 88.09(max: 89.43) Emotion_test_f1: 76.78(max: 81.72)
********************************************************************************
********************************************************************************
Train 1 Epoch10, Evaluate for atepc_datasets/restaurant
APC_test_acc: 82.45(max: 83.4)  APC_test_f1: 70.15(max: 71.89)
ATE_test_f1: 60.39(max:63.59)
Emotion_test_acc: 89.15(max: 89.43) Emotion_test_f1: 77.59(max: 81.72)
********************************************************************************
********************************************************************************
Train 1 Epoch10, Evaluate for atepc_datasets/restaurant
APC_test_acc: 83.65(max: 83.65)  APC_test_f1: 70.22(max: 71.89)
ATE_test_f1: 61.36(max:63.59)
Emotion_test_acc: 88.94(max: 89.43) Emotion_test_f1: 76.8(max: 81.72)
********************************************************************************
********************************************************************************
Train 1 Epoch10, Evaluate for atepc_datasets/restaurant
APC_test_acc: 83.12(max: 83.65)  APC_test_f1: 70.41(max: 71.89)
ATE_test_f1: 59.85(max:63.59)
Emotion_test_acc: 88.44(max: 89.43) Emotion_test_f1: 76.37(max: 81.72)
********************************************************************************
max_ate_test_f1:63.59 max_apc_test_acc: 83.65	max_apc_test_f1: 71.89 	max_emotion_test_acc: 89.43	max_emotion_test_f1: 81.72
No.2 training process of 5
>>> dataset: restaurant
>>> output_dir: output
>>> SRD: 5
>>> learning_rate: 3e-05
>>> use_unique_bert: True
>>> use_bert_spc: False
>>> local_context_focus: fusion
>>> num_train_epochs: 10.0
>>> train_batch_size: 16
>>> dropout: 0.0
>>> max_seq_length: 80
>>> eval_batch_size: 32
>>> eval_steps: 20
>>> gradient_accumulation_steps: 1
>>> config_path: experiments.json
>>> device: cpu
>>> seed: 2
>>> bert_model: bert-base-uncased
>>> data_dir: atepc_datasets/restaurant
***** Running training *****
  Num examples = 3308
  Batch size = 16
  Num steps = 2060
################################################################################
Train 2 Epoch1
################################################################################
################################################################################
Train 2 Epoch2
################################################################################
################################################################################
Train 2 Epoch3
################################################################################
################################################################################
Train 2 Epoch4
################################################################################
################################################################################
Train 2 Epoch5
################################################################################
################################################################################
Train 2 Epoch6
################################################################################
################################################################################
Train 2 Epoch7
################################################################################
################################################################################
Train 2 Epoch8
################################################################################
################################################################################
Train 2 Epoch9
################################################################################
********************************************************************************
Train 2 Epoch9, Evaluate for atepc_datasets/restaurant
APC_test_acc: 84.11(max: 84.11)  APC_test_f1: 72.0(max: 72.0)
ATE_test_f1: 61.99(max:61.99)
Emotion_test_acc: 89.15(max: 89.15) Emotion_test_f1: 77.75(max: 77.75)
********************************************************************************
********************************************************************************
Train 2 Epoch9, Evaluate for atepc_datasets/restaurant
APC_test_acc: 83.97(max: 84.11)  APC_test_f1: 72.26(max: 72.26)
ATE_test_f1: 60.82(max:61.99)
Emotion_test_acc: 87.88(max: 89.15) Emotion_test_f1: 74.65(max: 77.75)
********************************************************************************
********************************************************************************
Train 2 Epoch9, Evaluate for atepc_datasets/restaurant
APC_test_acc: 83.44(max: 84.11)  APC_test_f1: 71.95(max: 72.26)
ATE_test_f1: 59.57(max:61.99)
Emotion_test_acc: 89.08(max: 89.15) Emotion_test_f1: 78.63(max: 78.63)
********************************************************************************
********************************************************************************
Train 2 Epoch9, Evaluate for atepc_datasets/restaurant
APC_test_acc: 83.93(max: 84.11)  APC_test_f1: 73.23(max: 73.23)
ATE_test_f1: 61.22(max:61.99)
Emotion_test_acc: 87.46(max: 89.15) Emotion_test_f1: 73.2(max: 78.63)
********************************************************************************
********************************************************************************
Train 2 Epoch9, Evaluate for atepc_datasets/restaurant
APC_test_acc: 84.39(max: 84.39)  APC_test_f1: 72.76(max: 73.23)
ATE_test_f1: 61.04(max:61.99)
Emotion_test_acc: 89.78(max: 89.78) Emotion_test_f1: 79.71(max: 79.71)
********************************************************************************
********************************************************************************
Train 2 Epoch9, Evaluate for atepc_datasets/restaurant
APC_test_acc: 83.09(max: 84.39)  APC_test_f1: 70.6(max: 73.23)
ATE_test_f1: 60.35(max:61.99)
Emotion_test_acc: 89.99(max: 89.99) Emotion_test_f1: 79.84(max: 79.84)
********************************************************************************
********************************************************************************
Train 2 Epoch9, Evaluate for atepc_datasets/restaurant
APC_test_acc: 84.46(max: 84.46)  APC_test_f1: 72.36(max: 73.23)
ATE_test_f1: 62.5(max:62.5)
Emotion_test_acc: 89.15(max: 89.99) Emotion_test_f1: 78.15(max: 79.84)
********************************************************************************
********************************************************************************
Train 2 Epoch9, Evaluate for atepc_datasets/restaurant
APC_test_acc: 84.39(max: 84.46)  APC_test_f1: 71.74(max: 73.23)
ATE_test_f1: 57.77(max:62.5)
Emotion_test_acc: 90.13(max: 90.13) Emotion_test_f1: 79.72(max: 79.84)
********************************************************************************
********************************************************************************
Train 2 Epoch9, Evaluate for atepc_datasets/restaurant
APC_test_acc: 84.74(max: 84.74)  APC_test_f1: 71.97(max: 73.23)
ATE_test_f1: 60.34(max:62.5)
Emotion_test_acc: 90.27(max: 90.27) Emotion_test_f1: 79.74(max: 79.84)
********************************************************************************
********************************************************************************
Train 2 Epoch9, Evaluate for atepc_datasets/restaurant
APC_test_acc: 83.65(max: 84.74)  APC_test_f1: 71.7(max: 73.23)
ATE_test_f1: 60.37(max:62.5)
Emotion_test_acc: 89.08(max: 90.27) Emotion_test_f1: 76.92(max: 79.84)
********************************************************************************
********************************************************************************
Train 2 Epoch9, Evaluate for atepc_datasets/restaurant
APC_test_acc: 85.02(max: 85.02)  APC_test_f1: 72.87(max: 73.23)
ATE_test_f1: 61.12(max:62.5)
Emotion_test_acc: 90.2(max: 90.27) Emotion_test_f1: 80.14(max: 80.14)
********************************************************************************
################################################################################
Train 2 Epoch10
################################################################################
********************************************************************************
Train 2 Epoch10, Evaluate for atepc_datasets/restaurant
APC_test_acc: 83.65(max: 85.02)  APC_test_f1: 70.97(max: 73.23)
ATE_test_f1: 61.15(max:62.5)
Emotion_test_acc: 90.27(max: 90.27) Emotion_test_f1: 79.19(max: 80.14)
********************************************************************************
********************************************************************************
Train 2 Epoch10, Evaluate for atepc_datasets/restaurant
APC_test_acc: 84.71(max: 85.02)  APC_test_f1: 71.81(max: 73.23)
ATE_test_f1: 58.99(max:62.5)
Emotion_test_acc: 89.5(max: 90.27) Emotion_test_f1: 78.77(max: 80.14)
********************************************************************************
********************************************************************************
Train 2 Epoch10, Evaluate for atepc_datasets/restaurant
APC_test_acc: 84.6(max: 85.02)  APC_test_f1: 72.97(max: 73.23)
ATE_test_f1: 57.49(max:62.5)
Emotion_test_acc: 89.15(max: 90.27) Emotion_test_f1: 78.56(max: 80.14)
********************************************************************************
********************************************************************************
Train 2 Epoch10, Evaluate for atepc_datasets/restaurant
APC_test_acc: 84.07(max: 85.02)  APC_test_f1: 72.34(max: 73.23)
ATE_test_f1: 0.51(max:62.5)
Emotion_test_acc: 89.08(max: 90.27) Emotion_test_f1: 77.37(max: 80.14)
********************************************************************************
********************************************************************************
Train 2 Epoch10, Evaluate for atepc_datasets/restaurant
APC_test_acc: 84.36(max: 85.02)  APC_test_f1: 73.27(max: 73.27)
ATE_test_f1: 0.28(max:62.5)
Emotion_test_acc: 89.08(max: 90.27) Emotion_test_f1: 77.74(max: 80.14)
********************************************************************************
********************************************************************************
Train 2 Epoch10, Evaluate for atepc_datasets/restaurant
APC_test_acc: 84.74(max: 85.02)  APC_test_f1: 71.15(max: 73.27)
ATE_test_f1: 4.5(max:62.5)
Emotion_test_acc: 90.2(max: 90.27) Emotion_test_f1: 80.5(max: 80.5)
********************************************************************************
********************************************************************************
Train 2 Epoch10, Evaluate for atepc_datasets/restaurant
APC_test_acc: 84.5(max: 85.02)  APC_test_f1: 72.57(max: 73.27)
ATE_test_f1: 49.49(max:62.5)
Emotion_test_acc: 90.13(max: 90.27) Emotion_test_f1: 80.08(max: 80.5)
********************************************************************************
********************************************************************************
Train 2 Epoch10, Evaluate for atepc_datasets/restaurant
APC_test_acc: 85.8(max: 85.8)  APC_test_f1: 73.77(max: 73.77)
ATE_test_f1: 49.39(max:62.5)
Emotion_test_acc: 90.77(max: 90.77) Emotion_test_f1: 80.56(max: 80.56)
********************************************************************************
********************************************************************************
Train 2 Epoch10, Evaluate for atepc_datasets/restaurant
APC_test_acc: 85.06(max: 85.8)  APC_test_f1: 73.85(max: 73.85)
ATE_test_f1: 37.57(max:62.5)
Emotion_test_acc: 89.57(max: 90.77) Emotion_test_f1: 79.33(max: 80.56)
********************************************************************************
********************************************************************************
Train 2 Epoch10, Evaluate for atepc_datasets/restaurant
APC_test_acc: 84.04(max: 85.8)  APC_test_f1: 71.14(max: 73.85)
ATE_test_f1: 54.05(max:62.5)
Emotion_test_acc: 90.27(max: 90.77) Emotion_test_f1: 79.79(max: 80.56)
********************************************************************************
max_ate_test_f1:63.59 max_apc_test_acc: 85.8	max_apc_test_f1: 73.85 	max_emotion_test_acc: 90.77	max_emotion_test_f1: 81.72
No.3 training process of 5
>>> dataset: restaurant
>>> output_dir: output
>>> SRD: 5
>>> learning_rate: 3e-05
>>> use_unique_bert: True
>>> use_bert_spc: False
>>> local_context_focus: fusion
>>> num_train_epochs: 10.0
>>> train_batch_size: 16
>>> dropout: 0.0
>>> max_seq_length: 80
>>> eval_batch_size: 32
>>> eval_steps: 20
>>> gradient_accumulation_steps: 1
>>> config_path: experiments.json
>>> device: cpu
>>> seed: 3
>>> bert_model: bert-base-uncased
>>> data_dir: atepc_datasets/restaurant
***** Running training *****
  Num examples = 3308
  Batch size = 16
  Num steps = 2060
################################################################################
Train 3 Epoch1
################################################################################
################################################################################
Train 3 Epoch2
################################################################################
################################################################################
Train 3 Epoch3
################################################################################
################################################################################
Train 3 Epoch4
################################################################################
################################################################################
Train 3 Epoch5
################################################################################
################################################################################
Train 3 Epoch6
################################################################################
################################################################################
Train 3 Epoch7
################################################################################
################################################################################
Train 3 Epoch8
################################################################################
################################################################################
Train 3 Epoch9
################################################################################
********************************************************************************
Train 3 Epoch9, Evaluate for atepc_datasets/restaurant
APC_test_acc: 81.96(max: 81.96)  APC_test_f1: 70.6(max: 70.6)
ATE_test_f1: 58.71(max:58.71)
Emotion_test_acc: 85.06(max: 85.06) Emotion_test_f1: 70.27(max: 70.27)
********************************************************************************
********************************************************************************
Train 3 Epoch9, Evaluate for atepc_datasets/restaurant
APC_test_acc: 81.71(max: 81.96)  APC_test_f1: 70.14(max: 70.6)
ATE_test_f1: 57.3(max:58.71)
Emotion_test_acc: 85.91(max: 85.91) Emotion_test_f1: 69.97(max: 70.27)
********************************************************************************
********************************************************************************
Train 3 Epoch9, Evaluate for atepc_datasets/restaurant
APC_test_acc: 82.56(max: 82.56)  APC_test_f1: 70.82(max: 70.82)
ATE_test_f1: 56.22(max:58.71)
Emotion_test_acc: 85.91(max: 85.91) Emotion_test_f1: 72.06(max: 72.06)
********************************************************************************
********************************************************************************
Train 3 Epoch9, Evaluate for atepc_datasets/restaurant
APC_test_acc: 84.0(max: 84.0)  APC_test_f1: 71.79(max: 71.79)
ATE_test_f1: 54.16(max:58.71)
Emotion_test_acc: 87.88(max: 87.88) Emotion_test_f1: 74.03(max: 74.03)
********************************************************************************
********************************************************************************
Train 3 Epoch9, Evaluate for atepc_datasets/restaurant
APC_test_acc: 82.49(max: 84.0)  APC_test_f1: 71.12(max: 71.79)
ATE_test_f1: 54.4(max:58.71)
Emotion_test_acc: 86.82(max: 87.88) Emotion_test_f1: 73.56(max: 74.03)
********************************************************************************
********************************************************************************
Train 3 Epoch9, Evaluate for atepc_datasets/restaurant
APC_test_acc: 81.89(max: 84.0)  APC_test_f1: 69.17(max: 71.79)
ATE_test_f1: 56.63(max:58.71)
Emotion_test_acc: 87.74(max: 87.88) Emotion_test_f1: 74.29(max: 74.29)
********************************************************************************
********************************************************************************
Train 3 Epoch9, Evaluate for atepc_datasets/restaurant
APC_test_acc: 83.23(max: 84.0)  APC_test_f1: 70.55(max: 71.79)
ATE_test_f1: 56.82(max:58.71)
Emotion_test_acc: 88.44(max: 88.44) Emotion_test_f1: 75.92(max: 75.92)
********************************************************************************
********************************************************************************
Train 3 Epoch9, Evaluate for atepc_datasets/restaurant
APC_test_acc: 81.54(max: 84.0)  APC_test_f1: 71.01(max: 71.79)
ATE_test_f1: 58.59(max:58.71)
Emotion_test_acc: 84.85(max: 88.44) Emotion_test_f1: 71.29(max: 75.92)
********************************************************************************
********************************************************************************
Train 3 Epoch9, Evaluate for atepc_datasets/restaurant
APC_test_acc: 83.33(max: 84.0)  APC_test_f1: 70.26(max: 71.79)
ATE_test_f1: 58.43(max:58.71)
Emotion_test_acc: 89.15(max: 89.15) Emotion_test_f1: 76.59(max: 76.59)
********************************************************************************
********************************************************************************
Train 3 Epoch9, Evaluate for atepc_datasets/restaurant
APC_test_acc: 78.68(max: 84.0)  APC_test_f1: 67.87(max: 71.79)
ATE_test_f1: 54.61(max:58.71)
Emotion_test_acc: 83.51(max: 89.15) Emotion_test_f1: 70.55(max: 76.59)
********************************************************************************
********************************************************************************
Train 3 Epoch9, Evaluate for atepc_datasets/restaurant
APC_test_acc: 83.09(max: 84.0)  APC_test_f1: 70.74(max: 71.79)
ATE_test_f1: 58.37(max:58.71)
Emotion_test_acc: 87.6(max: 89.15) Emotion_test_f1: 75.83(max: 76.59)
********************************************************************************
################################################################################
Train 3 Epoch10
################################################################################
********************************************************************************
Train 3 Epoch10, Evaluate for atepc_datasets/restaurant
APC_test_acc: 82.7(max: 84.0)  APC_test_f1: 69.61(max: 71.79)
ATE_test_f1: 57.3(max:58.71)
Emotion_test_acc: 88.44(max: 89.15) Emotion_test_f1: 75.33(max: 76.59)
********************************************************************************
********************************************************************************
Train 3 Epoch10, Evaluate for atepc_datasets/restaurant
APC_test_acc: 81.89(max: 84.0)  APC_test_f1: 69.32(max: 71.79)
ATE_test_f1: 58.25(max:58.71)
Emotion_test_acc: 84.92(max: 89.15) Emotion_test_f1: 70.98(max: 76.59)
********************************************************************************
********************************************************************************
Train 3 Epoch10, Evaluate for atepc_datasets/restaurant
APC_test_acc: 83.16(max: 84.0)  APC_test_f1: 71.13(max: 71.79)
ATE_test_f1: 59.58(max:59.58)
Emotion_test_acc: 86.82(max: 89.15) Emotion_test_f1: 71.9(max: 76.59)
********************************************************************************
********************************************************************************
Train 3 Epoch10, Evaluate for atepc_datasets/restaurant
APC_test_acc: 83.4(max: 84.0)  APC_test_f1: 71.72(max: 71.79)
ATE_test_f1: 58.21(max:59.58)
Emotion_test_acc: 88.58(max: 89.15) Emotion_test_f1: 75.92(max: 76.59)
********************************************************************************
********************************************************************************
Train 3 Epoch10, Evaluate for atepc_datasets/restaurant
APC_test_acc: 83.09(max: 84.0)  APC_test_f1: 71.28(max: 71.79)
ATE_test_f1: 59.23(max:59.58)
Emotion_test_acc: 87.95(max: 89.15) Emotion_test_f1: 76.8(max: 76.8)
********************************************************************************
********************************************************************************
Train 3 Epoch10, Evaluate for atepc_datasets/restaurant
APC_test_acc: 83.79(max: 84.0)  APC_test_f1: 70.55(max: 71.79)
ATE_test_f1: 57.69(max:59.58)
Emotion_test_acc: 88.87(max: 89.15) Emotion_test_f1: 76.71(max: 76.8)
********************************************************************************
********************************************************************************
Train 3 Epoch10, Evaluate for atepc_datasets/restaurant
APC_test_acc: 83.54(max: 84.0)  APC_test_f1: 70.47(max: 71.79)
ATE_test_f1: 57.6(max:59.58)
Emotion_test_acc: 88.72(max: 89.15) Emotion_test_f1: 76.94(max: 76.94)
********************************************************************************
********************************************************************************
Train 3 Epoch10, Evaluate for atepc_datasets/restaurant
APC_test_acc: 82.98(max: 84.0)  APC_test_f1: 70.33(max: 71.79)
ATE_test_f1: 57.73(max:59.58)
Emotion_test_acc: 87.24(max: 89.15) Emotion_test_f1: 75.37(max: 76.94)
********************************************************************************
********************************************************************************
Train 3 Epoch10, Evaluate for atepc_datasets/restaurant
APC_test_acc: 83.86(max: 84.0)  APC_test_f1: 68.93(max: 71.79)
ATE_test_f1: 60.11(max:60.11)
Emotion_test_acc: 88.65(max: 89.15) Emotion_test_f1: 77.42(max: 77.42)
********************************************************************************
********************************************************************************
Train 3 Epoch10, Evaluate for atepc_datasets/restaurant
APC_test_acc: 82.95(max: 84.0)  APC_test_f1: 69.68(max: 71.79)
ATE_test_f1: 59.0(max:60.11)
Emotion_test_acc: 87.6(max: 89.15) Emotion_test_f1: 75.86(max: 77.42)
********************************************************************************
max_ate_test_f1:63.59 max_apc_test_acc: 85.8	max_apc_test_f1: 73.85 	max_emotion_test_acc: 90.77	max_emotion_test_f1: 81.72
No.4 training process of 5
>>> dataset: restaurant
>>> output_dir: output
>>> SRD: 5
>>> learning_rate: 3e-05
>>> use_unique_bert: True
>>> use_bert_spc: False
>>> local_context_focus: fusion
>>> num_train_epochs: 10.0
>>> train_batch_size: 16
>>> dropout: 0.0
>>> max_seq_length: 80
>>> eval_batch_size: 32
>>> eval_steps: 20
>>> gradient_accumulation_steps: 1
>>> config_path: experiments.json
>>> device: cpu
>>> seed: 4
>>> bert_model: bert-base-uncased
>>> data_dir: atepc_datasets/restaurant
***** Running training *****
  Num examples = 3308
  Batch size = 16
  Num steps = 2060
################################################################################
Train 4 Epoch1
################################################################################
################################################################################
Train 4 Epoch2
################################################################################
################################################################################
Train 4 Epoch3
################################################################################
################################################################################
Train 4 Epoch4
################################################################################
################################################################################
Train 4 Epoch5
################################################################################
################################################################################
Train 4 Epoch6
################################################################################
################################################################################
Train 4 Epoch7
################################################################################
################################################################################
Train 4 Epoch8
################################################################################
################################################################################
Train 4 Epoch9
################################################################################
********************************************************************************
Train 4 Epoch9, Evaluate for atepc_datasets/restaurant
APC_test_acc: 82.91(max: 82.91)  APC_test_f1: 69.67(max: 69.67)
ATE_test_f1: 59.84(max:59.84)
Emotion_test_acc: 87.6(max: 87.6) Emotion_test_f1: 72.09(max: 72.09)
********************************************************************************
********************************************************************************
Train 4 Epoch9, Evaluate for atepc_datasets/restaurant
APC_test_acc: 83.79(max: 83.79)  APC_test_f1: 70.98(max: 70.98)
ATE_test_f1: 58.09(max:59.84)
Emotion_test_acc: 88.44(max: 88.44) Emotion_test_f1: 76.21(max: 76.21)
********************************************************************************
********************************************************************************
Train 4 Epoch9, Evaluate for atepc_datasets/restaurant
APC_test_acc: 83.62(max: 83.79)  APC_test_f1: 71.29(max: 71.29)
ATE_test_f1: 56.65(max:59.84)
Emotion_test_acc: 88.37(max: 88.44) Emotion_test_f1: 76.92(max: 76.92)
********************************************************************************
********************************************************************************
Train 4 Epoch9, Evaluate for atepc_datasets/restaurant
APC_test_acc: 83.33(max: 83.79)  APC_test_f1: 70.42(max: 71.29)
ATE_test_f1: 56.61(max:59.84)
Emotion_test_acc: 88.09(max: 88.44) Emotion_test_f1: 73.47(max: 76.92)
********************************************************************************
********************************************************************************
Train 4 Epoch9, Evaluate for atepc_datasets/restaurant
APC_test_acc: 82.24(max: 83.79)  APC_test_f1: 69.71(max: 71.29)
ATE_test_f1: 56.56(max:59.84)
Emotion_test_acc: 88.79(max: 88.79) Emotion_test_f1: 77.25(max: 77.25)
********************************************************************************
********************************************************************************
Train 4 Epoch9, Evaluate for atepc_datasets/restaurant
APC_test_acc: 81.92(max: 83.79)  APC_test_f1: 69.73(max: 71.29)
ATE_test_f1: 58.06(max:59.84)
Emotion_test_acc: 88.37(max: 88.79) Emotion_test_f1: 76.75(max: 77.25)
********************************************************************************
********************************************************************************
Train 4 Epoch9, Evaluate for atepc_datasets/restaurant
APC_test_acc: 83.97(max: 83.97)  APC_test_f1: 71.98(max: 71.98)
ATE_test_f1: 58.7(max:59.84)
Emotion_test_acc: 88.58(max: 88.79) Emotion_test_f1: 76.59(max: 77.25)
********************************************************************************
********************************************************************************
Train 4 Epoch9, Evaluate for atepc_datasets/restaurant
APC_test_acc: 83.65(max: 83.97)  APC_test_f1: 70.84(max: 71.98)
ATE_test_f1: 58.95(max:59.84)
Emotion_test_acc: 88.87(max: 88.87) Emotion_test_f1: 78.14(max: 78.14)
********************************************************************************
********************************************************************************
Train 4 Epoch9, Evaluate for atepc_datasets/restaurant
APC_test_acc: 84.28(max: 84.28)  APC_test_f1: 71.33(max: 71.98)
ATE_test_f1: 57.25(max:59.84)
Emotion_test_acc: 89.01(max: 89.01) Emotion_test_f1: 75.12(max: 78.14)
********************************************************************************
********************************************************************************
Train 4 Epoch9, Evaluate for atepc_datasets/restaurant
APC_test_acc: 83.97(max: 84.28)  APC_test_f1: 71.79(max: 71.98)
ATE_test_f1: 57.72(max:59.84)
Emotion_test_acc: 88.37(max: 89.01) Emotion_test_f1: 76.39(max: 78.14)
********************************************************************************
********************************************************************************
Train 4 Epoch9, Evaluate for atepc_datasets/restaurant
APC_test_acc: 83.58(max: 84.28)  APC_test_f1: 72.22(max: 72.22)
ATE_test_f1: 59.3(max:59.84)
Emotion_test_acc: 87.24(max: 89.01) Emotion_test_f1: 76.41(max: 78.14)
********************************************************************************
################################################################################
Train 4 Epoch10
################################################################################
********************************************************************************
Train 4 Epoch10, Evaluate for atepc_datasets/restaurant
APC_test_acc: 81.68(max: 84.28)  APC_test_f1: 67.05(max: 72.22)
ATE_test_f1: 57.73(max:59.84)
Emotion_test_acc: 88.44(max: 89.01) Emotion_test_f1: 76.46(max: 78.14)
********************************************************************************
********************************************************************************
Train 4 Epoch10, Evaluate for atepc_datasets/restaurant
APC_test_acc: 83.62(max: 84.28)  APC_test_f1: 71.78(max: 72.22)
ATE_test_f1: 59.01(max:59.84)
Emotion_test_acc: 87.95(max: 89.01) Emotion_test_f1: 76.46(max: 78.14)
********************************************************************************
********************************************************************************
Train 4 Epoch10, Evaluate for atepc_datasets/restaurant
APC_test_acc: 83.72(max: 84.28)  APC_test_f1: 71.79(max: 72.22)
ATE_test_f1: 58.81(max:59.84)
Emotion_test_acc: 87.53(max: 89.01) Emotion_test_f1: 73.28(max: 78.14)
********************************************************************************
********************************************************************************
Train 4 Epoch10, Evaluate for atepc_datasets/restaurant
APC_test_acc: 83.54(max: 84.28)  APC_test_f1: 71.22(max: 72.22)
ATE_test_f1: 57.42(max:59.84)
Emotion_test_acc: 88.3(max: 89.01) Emotion_test_f1: 76.77(max: 78.14)
********************************************************************************
********************************************************************************
Train 4 Epoch10, Evaluate for atepc_datasets/restaurant
APC_test_acc: 83.16(max: 84.28)  APC_test_f1: 70.85(max: 72.22)
ATE_test_f1: 57.8(max:59.84)
Emotion_test_acc: 88.23(max: 89.01) Emotion_test_f1: 77.01(max: 78.14)
********************************************************************************
********************************************************************************
Train 4 Epoch10, Evaluate for atepc_datasets/restaurant
APC_test_acc: 81.96(max: 84.28)  APC_test_f1: 69.98(max: 72.22)
ATE_test_f1: 56.67(max:59.84)
Emotion_test_acc: 86.19(max: 89.01) Emotion_test_f1: 73.67(max: 78.14)
********************************************************************************
********************************************************************************
Train 4 Epoch10, Evaluate for atepc_datasets/restaurant
APC_test_acc: 83.69(max: 84.28)  APC_test_f1: 70.81(max: 72.22)
ATE_test_f1: 58.92(max:59.84)
Emotion_test_acc: 89.57(max: 89.57) Emotion_test_f1: 78.62(max: 78.62)
********************************************************************************
********************************************************************************
Train 4 Epoch10, Evaluate for atepc_datasets/restaurant
APC_test_acc: 83.79(max: 84.28)  APC_test_f1: 70.99(max: 72.22)
ATE_test_f1: 58.32(max:59.84)
Emotion_test_acc: 89.22(max: 89.57) Emotion_test_f1: 78.12(max: 78.62)
********************************************************************************
********************************************************************************
Train 4 Epoch10, Evaluate for atepc_datasets/restaurant
APC_test_acc: 83.58(max: 84.28)  APC_test_f1: 71.36(max: 72.22)
ATE_test_f1: 58.54(max:59.84)
Emotion_test_acc: 88.23(max: 89.57) Emotion_test_f1: 77.26(max: 78.62)
********************************************************************************
********************************************************************************
Train 4 Epoch10, Evaluate for atepc_datasets/restaurant
APC_test_acc: 83.76(max: 84.28)  APC_test_f1: 71.2(max: 72.22)
ATE_test_f1: 58.79(max:59.84)
Emotion_test_acc: 88.51(max: 89.57) Emotion_test_f1: 76.86(max: 78.62)
********************************************************************************
max_ate_test_f1:63.59 max_apc_test_acc: 85.8	max_apc_test_f1: 73.85 	max_emotion_test_acc: 90.77	max_emotion_test_f1: 81.72
No.5 training process of 5
>>> dataset: restaurant
>>> output_dir: output
>>> SRD: 5
>>> learning_rate: 3e-05
>>> use_unique_bert: True
>>> use_bert_spc: False
>>> local_context_focus: fusion
>>> num_train_epochs: 10.0
>>> train_batch_size: 16
>>> dropout: 0.0
>>> max_seq_length: 80
>>> eval_batch_size: 32
>>> eval_steps: 20
>>> gradient_accumulation_steps: 1
>>> config_path: experiments.json
>>> device: cpu
>>> seed: 5
>>> bert_model: bert-base-uncased
>>> data_dir: atepc_datasets/restaurant
***** Running training *****
  Num examples = 3308
  Batch size = 16
  Num steps = 2060
################################################################################
Train 5 Epoch1
################################################################################
################################################################################
Train 5 Epoch2
################################################################################
################################################################################
Train 5 Epoch3
################################################################################
################################################################################
Train 5 Epoch4
################################################################################
################################################################################
Train 5 Epoch5
################################################################################
################################################################################
Train 5 Epoch6
################################################################################
################################################################################
Train 5 Epoch7
################################################################################
################################################################################
Train 5 Epoch8
################################################################################
################################################################################
Train 5 Epoch9
################################################################################
********************************************************************************
Train 5 Epoch9, Evaluate for atepc_datasets/restaurant
APC_test_acc: 73.19(max: 73.19)  APC_test_f1: 47.93(max: 47.93)
ATE_test_f1: 32.62(max:32.62)
Emotion_test_acc: 77.66(max: 77.66) Emotion_test_f1: 49.12(max: 49.12)
********************************************************************************
********************************************************************************
Train 5 Epoch9, Evaluate for atepc_datasets/restaurant
APC_test_acc: 72.16(max: 73.19)  APC_test_f1: 51.77(max: 51.77)
ATE_test_f1: 44.21(max:44.21)
Emotion_test_acc: 75.33(max: 77.66) Emotion_test_f1: 46.07(max: 49.12)
********************************************************************************
********************************************************************************
Train 5 Epoch9, Evaluate for atepc_datasets/restaurant
APC_test_acc: 76.0(max: 76.0)  APC_test_f1: 53.31(max: 53.31)
ATE_test_f1: 5.05(max:44.21)
Emotion_test_acc: 80.97(max: 80.97) Emotion_test_f1: 54.02(max: 54.02)
********************************************************************************
********************************************************************************
Train 5 Epoch9, Evaluate for atepc_datasets/restaurant
APC_test_acc: 77.41(max: 77.41)  APC_test_f1: 60.29(max: 60.29)
ATE_test_f1: 20.61(max:44.21)
Emotion_test_acc: 81.82(max: 81.82) Emotion_test_f1: 54.0(max: 54.02)
********************************************************************************
********************************************************************************
Train 5 Epoch9, Evaluate for atepc_datasets/restaurant
APC_test_acc: 75.72(max: 77.41)  APC_test_f1: 61.4(max: 61.4)
ATE_test_f1: 51.38(max:51.38)
Emotion_test_acc: 80.34(max: 81.82) Emotion_test_f1: 53.74(max: 54.02)
********************************************************************************
********************************************************************************
Train 5 Epoch9, Evaluate for atepc_datasets/restaurant
APC_test_acc: 77.66(max: 77.66)  APC_test_f1: 57.43(max: 61.4)
ATE_test_f1: 49.26(max:51.38)
Emotion_test_acc: 82.38(max: 82.38) Emotion_test_f1: 54.81(max: 54.81)
********************************************************************************
********************************************************************************
Train 5 Epoch9, Evaluate for atepc_datasets/restaurant
APC_test_acc: 76.6(max: 77.66)  APC_test_f1: 58.36(max: 61.4)
ATE_test_f1: 48.62(max:51.38)
Emotion_test_acc: 80.83(max: 82.38) Emotion_test_f1: 53.07(max: 54.81)
********************************************************************************
********************************************************************************
Train 5 Epoch9, Evaluate for atepc_datasets/restaurant
APC_test_acc: 77.91(max: 77.91)  APC_test_f1: 61.09(max: 61.4)
ATE_test_f1: 45.31(max:51.38)
Emotion_test_acc: 82.45(max: 82.45) Emotion_test_f1: 55.0(max: 55.0)
********************************************************************************
********************************************************************************
Train 5 Epoch9, Evaluate for atepc_datasets/restaurant
APC_test_acc: 77.77(max: 77.91)  APC_test_f1: 61.23(max: 61.4)
ATE_test_f1: 21.09(max:51.38)
Emotion_test_acc: 82.31(max: 82.45) Emotion_test_f1: 54.74(max: 55.0)
********************************************************************************
********************************************************************************
Train 5 Epoch9, Evaluate for atepc_datasets/restaurant
APC_test_acc: 76.6(max: 77.91)  APC_test_f1: 53.64(max: 61.4)
ATE_test_f1: 39.69(max:51.38)
Emotion_test_acc: 81.4(max: 82.45) Emotion_test_f1: 54.22(max: 55.0)
********************************************************************************
********************************************************************************
Train 5 Epoch9, Evaluate for atepc_datasets/restaurant
APC_test_acc: 76.15(max: 77.91)  APC_test_f1: 60.73(max: 61.4)
ATE_test_f1: 4.45(max:51.38)
Emotion_test_acc: 82.24(max: 82.45) Emotion_test_f1: 54.94(max: 55.0)
********************************************************************************
################################################################################
Train 5 Epoch10
################################################################################
********************************************************************************
Train 5 Epoch10, Evaluate for atepc_datasets/restaurant
APC_test_acc: 78.51(max: 78.51)  APC_test_f1: 60.34(max: 61.4)
ATE_test_f1: 39.56(max:51.38)
Emotion_test_acc: 82.95(max: 82.95) Emotion_test_f1: 55.07(max: 55.07)
********************************************************************************
********************************************************************************
Train 5 Epoch10, Evaluate for atepc_datasets/restaurant
APC_test_acc: 77.13(max: 78.51)  APC_test_f1: 54.37(max: 61.4)
ATE_test_f1: 48.35(max:51.38)
Emotion_test_acc: 81.82(max: 82.95) Emotion_test_f1: 53.81(max: 55.07)
********************************************************************************
********************************************************************************
Train 5 Epoch10, Evaluate for atepc_datasets/restaurant
APC_test_acc: 77.94(max: 78.51)  APC_test_f1: 60.93(max: 61.4)
ATE_test_f1: 51.9(max:51.9)
Emotion_test_acc: 81.4(max: 82.95) Emotion_test_f1: 53.38(max: 55.07)
********************************************************************************
********************************************************************************
Train 5 Epoch10, Evaluate for atepc_datasets/restaurant
APC_test_acc: 75.16(max: 78.51)  APC_test_f1: 59.24(max: 61.4)
ATE_test_f1: 18.02(max:51.9)
Emotion_test_acc: 80.41(max: 82.95) Emotion_test_f1: 53.93(max: 55.07)
********************************************************************************
********************************************************************************
Train 5 Epoch10, Evaluate for atepc_datasets/restaurant
APC_test_acc: 76.6(max: 78.51)  APC_test_f1: 59.35(max: 61.4)
ATE_test_f1: 11.99(max:51.9)
Emotion_test_acc: 81.61(max: 82.95) Emotion_test_f1: 54.5(max: 55.07)
********************************************************************************
********************************************************************************
Train 5 Epoch10, Evaluate for atepc_datasets/restaurant
APC_test_acc: 75.48(max: 78.51)  APC_test_f1: 53.29(max: 61.4)
ATE_test_f1: 42.29(max:51.9)
Emotion_test_acc: 81.4(max: 82.95) Emotion_test_f1: 53.82(max: 55.07)
********************************************************************************
********************************************************************************
Train 5 Epoch10, Evaluate for atepc_datasets/restaurant
APC_test_acc: 77.24(max: 78.51)  APC_test_f1: 59.64(max: 61.4)
ATE_test_f1: 42.13(max:51.9)
Emotion_test_acc: 82.1(max: 82.95) Emotion_test_f1: 54.46(max: 55.07)
********************************************************************************
********************************************************************************
Train 5 Epoch10, Evaluate for atepc_datasets/restaurant
APC_test_acc: 75.83(max: 78.51)  APC_test_f1: 50.0(max: 61.4)
ATE_test_f1: 6.66(max:51.9)
Emotion_test_acc: 81.11(max: 82.95) Emotion_test_f1: 53.09(max: 55.07)
********************************************************************************
********************************************************************************
Train 5 Epoch10, Evaluate for atepc_datasets/restaurant
APC_test_acc: 76.46(max: 78.51)  APC_test_f1: 56.51(max: 61.4)
ATE_test_f1: 13.73(max:51.9)
Emotion_test_acc: 81.75(max: 82.95) Emotion_test_f1: 53.58(max: 55.07)
********************************************************************************
********************************************************************************
Train 5 Epoch10, Evaluate for atepc_datasets/restaurant
APC_test_acc: 77.38(max: 78.51)  APC_test_f1: 60.36(max: 61.4)
ATE_test_f1: 48.07(max:51.9)
Emotion_test_acc: 82.52(max: 82.95) Emotion_test_f1: 54.96(max: 55.07)
********************************************************************************
max_ate_test_f1:63.59 max_apc_test_acc: 85.8	max_apc_test_f1: 73.85 	max_emotion_test_acc: 90.77	max_emotion_test_f1: 81.72
