log file: logs/240709-201604.log
--------------------------------------------------------------------------------
Config 1 (totally 1 configs)
No.1 training process of 1
>>> dataset: restaurant
>>> output_dir: output
>>> SRD: 5
>>> learning_rate: 3e-05
>>> use_unique_bert: True
>>> use_bert_spc: False
>>> local_context_focus: fusion
>>> num_train_epochs: 10.0
>>> train_batch_size: 16
>>> dropout: 0.1
>>> max_seq_length: 80
>>> eval_batch_size: 32
>>> eval_steps: 20
>>> gradient_accumulation_steps: 1
>>> config_path: experiments.json
>>> device: cpu
>>> seed: 1
>>> bert_model: bert-base-uncased
>>> data_dir: atepc_datasets/restaurant
***** Running training *****
  Num examples = 3308
  Batch size = 16
  Num steps = 2060
################################################################################
Train 1 Epoch1
################################################################################
################################################################################
Train 1 Epoch2
################################################################################
################################################################################
Train 1 Epoch3
################################################################################
################################################################################
Train 1 Epoch4
################################################################################
################################################################################
Train 1 Epoch5
################################################################################
################################################################################
Train 1 Epoch6
################################################################################
################################################################################
Train 1 Epoch7
################################################################################
################################################################################
Train 1 Epoch8
################################################################################
################################################################################
Train 1 Epoch9
################################################################################
********************************************************************************
Train 1 Epoch9, Evaluate for atepc_datasets/restaurant
APC_test_acc: 72.27(max: 72.27)  APC_test_f1: 49.12(max: 49.12)
ATE_test_f1: 56.57(max:56.57)
Emotion_test_acc: 76.25(max: 76.25) Emotion_test_f1: 50.23(max: 50.23)
********************************************************************************
********************************************************************************
Train 1 Epoch9, Evaluate for atepc_datasets/restaurant
APC_test_acc: 72.76(max: 72.76)  APC_test_f1: 51.66(max: 51.66)
ATE_test_f1: 58.25(max:58.25)
Emotion_test_acc: 76.67(max: 76.67) Emotion_test_f1: 50.81(max: 50.81)
********************************************************************************
********************************************************************************
Train 1 Epoch9, Evaluate for atepc_datasets/restaurant
APC_test_acc: 74.24(max: 74.24)  APC_test_f1: 49.79(max: 51.66)
ATE_test_f1: 4.07(max:58.25)
Emotion_test_acc: 78.86(max: 78.86) Emotion_test_f1: 54.91(max: 54.91)
********************************************************************************
********************************************************************************
Train 1 Epoch9, Evaluate for atepc_datasets/restaurant
APC_test_acc: 74.98(max: 74.98)  APC_test_f1: 58.62(max: 58.62)
ATE_test_f1: 32.55(max:58.25)
Emotion_test_acc: 78.86(max: 78.86) Emotion_test_f1: 51.54(max: 54.91)
********************************************************************************
********************************************************************************
Train 1 Epoch9, Evaluate for atepc_datasets/restaurant
APC_test_acc: 72.9(max: 74.98)  APC_test_f1: 54.59(max: 58.62)
ATE_test_f1: 55.4(max:58.25)
Emotion_test_acc: 76.6(max: 78.86) Emotion_test_f1: 50.6(max: 54.91)
********************************************************************************
********************************************************************************
Train 1 Epoch9, Evaluate for atepc_datasets/restaurant
APC_test_acc: 74.59(max: 74.98)  APC_test_f1: 54.31(max: 58.62)
ATE_test_f1: 55.69(max:58.25)
Emotion_test_acc: 78.51(max: 78.86) Emotion_test_f1: 53.77(max: 54.91)
********************************************************************************
********************************************************************************
Train 1 Epoch9, Evaluate for atepc_datasets/restaurant
APC_test_acc: 71.39(max: 74.98)  APC_test_f1: 52.37(max: 58.62)
ATE_test_f1: 53.11(max:58.25)
Emotion_test_acc: 74.35(max: 78.86) Emotion_test_f1: 47.56(max: 54.91)
********************************************************************************
********************************************************************************
Train 1 Epoch9, Evaluate for atepc_datasets/restaurant
APC_test_acc: 73.78(max: 74.98)  APC_test_f1: 53.24(max: 58.62)
ATE_test_f1: 47.43(max:58.25)
Emotion_test_acc: 78.29(max: 78.86) Emotion_test_f1: 53.89(max: 54.91)
********************************************************************************
********************************************************************************
Train 1 Epoch9, Evaluate for atepc_datasets/restaurant
APC_test_acc: 74.95(max: 74.98)  APC_test_f1: 59.31(max: 59.31)
ATE_test_f1: 57.72(max:58.25)
Emotion_test_acc: 79.77(max: 79.77) Emotion_test_f1: 55.4(max: 55.4)
********************************************************************************
********************************************************************************
Train 1 Epoch9, Evaluate for atepc_datasets/restaurant
APC_test_acc: 75.02(max: 75.02)  APC_test_f1: 55.61(max: 59.31)
ATE_test_f1: 56.82(max:58.25)
Emotion_test_acc: 80.06(max: 80.06) Emotion_test_f1: 57.96(max: 57.96)
********************************************************************************
********************************************************************************
Train 1 Epoch9, Evaluate for atepc_datasets/restaurant
APC_test_acc: 75.3(max: 75.3)  APC_test_f1: 60.43(max: 60.43)
ATE_test_f1: 56.9(max:58.25)
Emotion_test_acc: 81.04(max: 81.04) Emotion_test_f1: 58.73(max: 58.73)
********************************************************************************
################################################################################
Train 1 Epoch10
################################################################################
********************************************************************************
Train 1 Epoch10, Evaluate for atepc_datasets/restaurant
APC_test_acc: 75.02(max: 75.3)  APC_test_f1: 58.4(max: 60.43)
ATE_test_f1: 57.4(max:58.25)
Emotion_test_acc: 78.86(max: 81.04) Emotion_test_f1: 53.62(max: 58.73)
********************************************************************************
********************************************************************************
Train 1 Epoch10, Evaluate for atepc_datasets/restaurant
APC_test_acc: 75.65(max: 75.65)  APC_test_f1: 56.99(max: 60.43)
ATE_test_f1: 58.12(max:58.25)
Emotion_test_acc: 79.77(max: 81.04) Emotion_test_f1: 55.36(max: 58.73)
********************************************************************************
********************************************************************************
Train 1 Epoch10, Evaluate for atepc_datasets/restaurant
APC_test_acc: 75.23(max: 75.65)  APC_test_f1: 56.2(max: 60.43)
ATE_test_f1: 57.6(max:58.25)
Emotion_test_acc: 79.14(max: 81.04) Emotion_test_f1: 53.97(max: 58.73)
********************************************************************************
********************************************************************************
Train 1 Epoch10, Evaluate for atepc_datasets/restaurant
APC_test_acc: 74.95(max: 75.65)  APC_test_f1: 60.67(max: 60.67)
ATE_test_f1: 57.43(max:58.25)
Emotion_test_acc: 80.69(max: 81.04) Emotion_test_f1: 56.14(max: 58.73)
********************************************************************************
********************************************************************************
Train 1 Epoch10, Evaluate for atepc_datasets/restaurant
APC_test_acc: 72.48(max: 75.65)  APC_test_f1: 58.44(max: 60.67)
ATE_test_f1: 57.79(max:58.25)
Emotion_test_acc: 77.38(max: 81.04) Emotion_test_f1: 58.03(max: 58.73)
********************************************************************************
********************************************************************************
Train 1 Epoch10, Evaluate for atepc_datasets/restaurant
APC_test_acc: 74.67(max: 75.65)  APC_test_f1: 61.09(max: 61.09)
ATE_test_f1: 57.28(max:58.25)
Emotion_test_acc: 79.99(max: 81.04) Emotion_test_f1: 59.19(max: 59.19)
********************************************************************************
********************************************************************************
Train 1 Epoch10, Evaluate for atepc_datasets/restaurant
APC_test_acc: 75.41(max: 75.65)  APC_test_f1: 59.86(max: 61.09)
ATE_test_f1: 56.98(max:58.25)
Emotion_test_acc: 79.63(max: 81.04) Emotion_test_f1: 58.78(max: 59.19)
********************************************************************************
********************************************************************************
Train 1 Epoch10, Evaluate for atepc_datasets/restaurant
APC_test_acc: 75.79(max: 75.79)  APC_test_f1: 59.24(max: 61.09)
ATE_test_f1: 57.08(max:58.25)
Emotion_test_acc: 80.27(max: 81.04) Emotion_test_f1: 58.31(max: 59.19)
********************************************************************************
********************************************************************************
Train 1 Epoch10, Evaluate for atepc_datasets/restaurant
APC_test_acc: 75.55(max: 75.79)  APC_test_f1: 55.48(max: 61.09)
ATE_test_f1: 56.69(max:58.25)
Emotion_test_acc: 80.06(max: 81.04) Emotion_test_f1: 59.65(max: 59.65)
********************************************************************************
********************************************************************************
Train 1 Epoch10, Evaluate for atepc_datasets/restaurant
APC_test_acc: 75.51(max: 75.79)  APC_test_f1: 57.81(max: 61.09)
ATE_test_f1: 57.32(max:58.25)
Emotion_test_acc: 78.93(max: 81.04) Emotion_test_f1: 56.43(max: 59.65)
********************************************************************************
max_ate_test_f1:58.25 max_apc_test_acc: 75.79	max_apc_test_f1: 61.09 	max_emotion_test_acc: 81.04	max_emotion_test_f1: 59.65
