log file: logs/240709-163337.log
--------------------------------------------------------------------------------
Config 1 (totally 1 configs)
No.1 training process of 1
>>> dataset: restaurant
>>> output_dir: output
>>> SRD: 5
>>> learning_rate: 3e-05
>>> use_unique_bert: True
>>> use_bert_spc: False
>>> local_context_focus: fusion
>>> num_train_epochs: 10.0
>>> train_batch_size: 16
>>> dropout: 0.0
>>> max_seq_length: 80
>>> eval_batch_size: 32
>>> eval_steps: 20
>>> gradient_accumulation_steps: 1
>>> config_path: experiments.json
>>> device: cpu
>>> seed: 1
>>> bert_model: bert-base-uncased
>>> data_dir: atepc_datasets/restaurant
***** Running training *****
  Num examples = 3308
  Batch size = 16
  Num steps = 2060
################################################################################
Train 1 Epoch1
################################################################################
################################################################################
Train 1 Epoch2
################################################################################
################################################################################
Train 1 Epoch3
################################################################################
################################################################################
Train 1 Epoch4
################################################################################
################################################################################
Train 1 Epoch5
################################################################################
################################################################################
Train 1 Epoch6
################################################################################
################################################################################
Train 1 Epoch7
################################################################################
################################################################################
Train 1 Epoch8
################################################################################
################################################################################
Train 1 Epoch9
################################################################################
********************************************************************************
Train 1 Epoch9, Evaluate for atepc_datasets/restaurant
APC_test_acc: 83.05(max: 83.05)  APC_test_f1: 68.51(max: 68.51)
ATE_test_f1: 62.78(max:62.78)
Emotion_test_acc: 89.43(max: 89.43) Emotion_test_f1: 80.09(max: 80.09)
********************************************************************************
********************************************************************************
Train 1 Epoch9, Evaluate for atepc_datasets/restaurant
APC_test_acc: 83.09(max: 83.09)  APC_test_f1: 69.58(max: 69.58)
ATE_test_f1: 61.55(max:62.78)
Emotion_test_acc: 88.94(max: 89.43) Emotion_test_f1: 78.71(max: 80.09)
********************************************************************************
********************************************************************************
Train 1 Epoch9, Evaluate for atepc_datasets/restaurant
APC_test_acc: 82.77(max: 83.09)  APC_test_f1: 69.5(max: 69.58)
ATE_test_f1: 61.23(max:62.78)
Emotion_test_acc: 89.15(max: 89.43) Emotion_test_f1: 79.31(max: 80.09)
********************************************************************************
********************************************************************************
Train 1 Epoch9, Evaluate for atepc_datasets/restaurant
APC_test_acc: 83.16(max: 83.16)  APC_test_f1: 70.08(max: 70.08)
ATE_test_f1: 62.22(max:62.78)
Emotion_test_acc: 87.81(max: 89.43) Emotion_test_f1: 76.19(max: 80.09)
********************************************************************************
********************************************************************************
Train 1 Epoch9, Evaluate for atepc_datasets/restaurant
APC_test_acc: 82.21(max: 83.16)  APC_test_f1: 68.65(max: 70.08)
ATE_test_f1: 59.83(max:62.78)
Emotion_test_acc: 89.01(max: 89.43) Emotion_test_f1: 80.38(max: 80.38)
********************************************************************************
********************************************************************************
Train 1 Epoch9, Evaluate for atepc_datasets/restaurant
APC_test_acc: 82.49(max: 83.16)  APC_test_f1: 70.07(max: 70.08)
ATE_test_f1: 61.0(max:62.78)
Emotion_test_acc: 88.94(max: 89.43) Emotion_test_f1: 81.72(max: 81.72)
********************************************************************************
********************************************************************************
Train 1 Epoch9, Evaluate for atepc_datasets/restaurant
APC_test_acc: 83.09(max: 83.16)  APC_test_f1: 70.72(max: 70.72)
ATE_test_f1: 62.14(max:62.78)
Emotion_test_acc: 88.79(max: 89.43) Emotion_test_f1: 77.97(max: 81.72)
********************************************************************************
********************************************************************************
Train 1 Epoch9, Evaluate for atepc_datasets/restaurant
APC_test_acc: 83.19(max: 83.19)  APC_test_f1: 70.07(max: 70.72)
ATE_test_f1: 63.59(max:63.59)
Emotion_test_acc: 88.02(max: 89.43) Emotion_test_f1: 78.04(max: 81.72)
********************************************************************************
********************************************************************************
Train 1 Epoch9, Evaluate for atepc_datasets/restaurant
APC_test_acc: 82.77(max: 83.19)  APC_test_f1: 69.14(max: 70.72)
ATE_test_f1: 61.7(max:63.59)
Emotion_test_acc: 88.51(max: 89.43) Emotion_test_f1: 78.04(max: 81.72)
********************************************************************************
********************************************************************************
Train 1 Epoch9, Evaluate for atepc_datasets/restaurant
APC_test_acc: 82.77(max: 83.19)  APC_test_f1: 69.26(max: 70.72)
ATE_test_f1: 62.08(max:63.59)
Emotion_test_acc: 88.3(max: 89.43) Emotion_test_f1: 77.87(max: 81.72)
********************************************************************************
********************************************************************************
Train 1 Epoch9, Evaluate for atepc_datasets/restaurant
APC_test_acc: 82.91(max: 83.19)  APC_test_f1: 68.33(max: 70.72)
ATE_test_f1: 60.83(max:63.59)
Emotion_test_acc: 88.65(max: 89.43) Emotion_test_f1: 79.11(max: 81.72)
********************************************************************************
################################################################################
Train 1 Epoch10
################################################################################
********************************************************************************
Train 1 Epoch10, Evaluate for atepc_datasets/restaurant
APC_test_acc: 83.05(max: 83.19)  APC_test_f1: 70.02(max: 70.72)
ATE_test_f1: 60.64(max:63.59)
Emotion_test_acc: 88.87(max: 89.43) Emotion_test_f1: 78.44(max: 81.72)
********************************************************************************
********************************************************************************
Train 1 Epoch10, Evaluate for atepc_datasets/restaurant
APC_test_acc: 82.52(max: 83.19)  APC_test_f1: 68.8(max: 70.72)
ATE_test_f1: 63.3(max:63.59)
Emotion_test_acc: 88.02(max: 89.43) Emotion_test_f1: 76.74(max: 81.72)
********************************************************************************
********************************************************************************
Train 1 Epoch10, Evaluate for atepc_datasets/restaurant
APC_test_acc: 82.91(max: 83.19)  APC_test_f1: 70.77(max: 70.77)
ATE_test_f1: 58.05(max:63.59)
Emotion_test_acc: 88.02(max: 89.43) Emotion_test_f1: 74.72(max: 81.72)
********************************************************************************
********************************************************************************
Train 1 Epoch10, Evaluate for atepc_datasets/restaurant
APC_test_acc: 83.4(max: 83.4)  APC_test_f1: 71.89(max: 71.89)
ATE_test_f1: 63.16(max:63.59)
Emotion_test_acc: 88.51(max: 89.43) Emotion_test_f1: 77.7(max: 81.72)
********************************************************************************
********************************************************************************
Train 1 Epoch10, Evaluate for atepc_datasets/restaurant
APC_test_acc: 82.7(max: 83.4)  APC_test_f1: 70.92(max: 71.89)
ATE_test_f1: 62.86(max:63.59)
Emotion_test_acc: 87.53(max: 89.43) Emotion_test_f1: 75.88(max: 81.72)
********************************************************************************
********************************************************************************
Train 1 Epoch10, Evaluate for atepc_datasets/restaurant
APC_test_acc: 82.88(max: 83.4)  APC_test_f1: 71.04(max: 71.89)
ATE_test_f1: 62.36(max:63.59)
Emotion_test_acc: 87.1(max: 89.43) Emotion_test_f1: 74.79(max: 81.72)
********************************************************************************
********************************************************************************
Train 1 Epoch10, Evaluate for atepc_datasets/restaurant
APC_test_acc: 81.68(max: 83.4)  APC_test_f1: 69.31(max: 71.89)
ATE_test_f1: 60.48(max:63.59)
Emotion_test_acc: 88.09(max: 89.43) Emotion_test_f1: 76.78(max: 81.72)
********************************************************************************
********************************************************************************
Train 1 Epoch10, Evaluate for atepc_datasets/restaurant
APC_test_acc: 82.45(max: 83.4)  APC_test_f1: 70.15(max: 71.89)
ATE_test_f1: 60.39(max:63.59)
Emotion_test_acc: 89.15(max: 89.43) Emotion_test_f1: 77.59(max: 81.72)
********************************************************************************
********************************************************************************
Train 1 Epoch10, Evaluate for atepc_datasets/restaurant
APC_test_acc: 83.65(max: 83.65)  APC_test_f1: 70.22(max: 71.89)
ATE_test_f1: 61.36(max:63.59)
Emotion_test_acc: 88.94(max: 89.43) Emotion_test_f1: 76.8(max: 81.72)
********************************************************************************
********************************************************************************
Train 1 Epoch10, Evaluate for atepc_datasets/restaurant
APC_test_acc: 83.12(max: 83.65)  APC_test_f1: 70.41(max: 71.89)
ATE_test_f1: 59.85(max:63.59)
Emotion_test_acc: 88.44(max: 89.43) Emotion_test_f1: 76.37(max: 81.72)
********************************************************************************
max_ate_test_f1:63.59 max_apc_test_acc: 83.65	max_apc_test_f1: 71.89 	max_emotion_test_acc: 89.43	max_emotion_test_f1: 81.72
